<?xml version="1.0" encoding="UTF-8"?>
<coverage generated="1700753632884" clover="3.2.0">
  <project timestamp="1700753632884" name="All files">
    <metrics statements="63" coveredstatements="55" conditionals="20" coveredconditionals="15" methods="13" coveredmethods="12" elements="96" coveredelements="82" complexity="0" loc="63" ncloc="63" packages="3" files="4" classes="4"/>
    <package name="routes">
      <metrics statements="22" coveredstatements="21" conditionals="16" coveredconditionals="14" methods="4" coveredmethods="4"/>
      <file name="santa.route.ts" path="/Users/froilanmalibiran/Documents/santa-app-axa/src/server/routes/santa.route.ts">
        <metrics statements="22" coveredstatements="21" conditionals="16" coveredconditionals="14" methods="4" coveredmethods="4"/>
        <line num="9" count="1" type="stmt"/>
        <line num="16" count="1" type="stmt"/>
        <line num="21" count="1" type="stmt"/>
        <line num="22" count="1" type="stmt"/>
        <line num="24" count="1" type="stmt"/>
        <line num="26" count="3" type="stmt"/>
        <line num="27" count="3" type="stmt"/>
        <line num="29" count="3" type="stmt"/>
        <line num="37" count="3" type="cond" truecount="3" falsecount="1"/>
        <line num="38" count="6" type="stmt"/>
        <line num="39" count="3" type="stmt"/>
        <line num="40" count="6" type="cond" truecount="7" falsecount="1"/>
        <line num="43" count="3" type="cond" truecount="3" falsecount="0"/>
        <line num="44" count="1" type="stmt"/>
        <line num="50" count="2" type="stmt"/>
        <line num="51" count="2" type="stmt"/>
        <line num="53" count="2" type="cond" truecount="1" falsecount="0"/>
        <line num="54" count="1" type="stmt"/>
        <line num="60" count="1" type="stmt"/>
        <line num="67" count="1" type="stmt"/>
        <line num="72" count="0" type="stmt"/>
        <line num="78" count="1" type="stmt"/>
      </file>
    </package>
    <package name="services">
      <metrics statements="35" coveredstatements="28" conditionals="4" coveredconditionals="1" methods="8" coveredmethods="7"/>
      <file name="api.service.ts" path="/Users/froilanmalibiran/Documents/santa-app-axa/src/server/services/api.service.ts">
        <metrics statements="13" coveredstatements="10" conditionals="2" coveredconditionals="1" methods="5" coveredmethods="5"/>
        <line num="7" count="1" type="stmt"/>
        <line num="8" count="6" type="stmt"/>
        <line num="11" count="1" type="stmt"/>
        <line num="13" count="1" type="stmt"/>
        <line num="15" count="6" type="stmt"/>
        <line num="16" count="6" type="stmt"/>
        <line num="17" count="6" type="stmt"/>
        <line num="18" count="6" type="cond" truecount="1" falsecount="1"/>
        <line num="19" count="6" type="stmt"/>
        <line num="21" count="0" type="stmt"/>
        <line num="24" count="0" type="stmt"/>
        <line num="25" count="0" type="stmt"/>
        <line num="29" count="1" type="stmt"/>
      </file>
      <file name="email.service.ts" path="/Users/froilanmalibiran/Documents/santa-app-axa/src/server/services/email.service.ts">
        <metrics statements="22" coveredstatements="18" conditionals="2" coveredconditionals="0" methods="3" coveredmethods="2"/>
        <line num="9" count="1" type="stmt"/>
        <line num="12" count="1" type="stmt"/>
        <line num="13" count="1" type="stmt"/>
        <line num="15" count="1" type="stmt"/>
        <line num="24" count="1" type="stmt"/>
        <line num="26" count="1" type="stmt"/>
        <line num="27" count="3" type="stmt"/>
        <line num="30" count="1" type="stmt"/>
        <line num="31" count="2" type="cond" truecount="0" falsecount="1"/>
        <line num="32" count="0" type="stmt"/>
        <line num="35" count="2" type="stmt"/>
        <line num="36" count="2" type="stmt"/>
        <line num="37" count="3" type="stmt"/>
        <line num="38" count="2" type="stmt"/>
        <line num="39" count="2" type="stmt"/>
        <line num="42" count="1" type="stmt"/>
        <line num="44" count="1" type="stmt"/>
        <line num="51" count="1" type="stmt"/>
        <line num="52" count="0" type="cond" truecount="0" falsecount="1"/>
        <line num="53" count="0" type="stmt"/>
        <line num="55" count="0" type="stmt"/>
        <line num="59" count="1" type="stmt"/>
      </file>
    </package>
    <package name="utils">
      <metrics statements="6" coveredstatements="6" conditionals="0" coveredconditionals="0" methods="1" coveredmethods="1"/>
      <file name="helpers.ts" path="/Users/froilanmalibiran/Documents/santa-app-axa/src/server/utils/helpers.ts">
        <metrics statements="6" coveredstatements="6" conditionals="0" coveredconditionals="0" methods="1" coveredmethods="1"/>
        <line num="1" count="1" type="stmt"/>
        <line num="2" count="4" type="stmt"/>
        <line num="3" count="4" type="stmt"/>
        <line num="4" count="4" type="stmt"/>
        <line num="6" count="4" type="stmt"/>
        <line num="7" count="4" type="stmt"/>
      </file>
    </package>
  </project>
</coverage>
