{"/Users/froilanmalibiran/Documents/santa-app-axa/src/server/routes/santa.route.ts": {"path":"/Users/froilanmalibiran/Documents/santa-app-axa/src/server/routes/santa.route.ts","statementMap":{"0":{"start":{"line":9,"column":0},"end":{"line":9,"column":43}},"1":{"start":{"line":16,"column":0},"end":{"line":16,"column":null}},"2":{"start":{"line":21,"column":0},"end":{"line":21,"column":55}},"3":{"start":{"line":22,"column":0},"end":{"line":22,"column":60}},"4":{"start":{"line":24,"column":15},"end":{"line":24,"column":31}},"5":{"start":{"line":26,"column":0},"end":{"line":76,"column":3}},"6":{"start":{"line":26,"column":65},"end":{"line":76,"column":2}},"7":{"start":{"line":27,"column":26},"end":{"line":27,"column":34}},"8":{"start":{"line":29,"column":33},"end":{"line":32,"column":4}},"9":{"start":{"line":37,"column":2},"end":{"line":75,"column":3}},"10":{"start":{"line":38,"column":17},"end":{"line":38,"column":65}},"11":{"start":{"line":38,"column":44},"end":{"line":38,"column":64}},"12":{"start":{"line":39,"column":24},"end":{"line":40,"column":null}},"13":{"start":{"line":40,"column":19},"end":{"line":40,"column":null}},"14":{"start":{"line":43,"column":4},"end":{"line":48,"column":5}},"15":{"start":{"line":44,"column":6},"end":{"line":47,"column":9}},"16":{"start":{"line":50,"column":4},"end":{"line":50,"column":31}},"17":{"start":{"line":51,"column":22},"end":{"line":51,"column":52}},"18":{"start":{"line":53,"column":4},"end":{"line":65,"column":5}},"19":{"start":{"line":54,"column":6},"end":{"line":58,"column":9}},"20":{"start":{"line":60,"column":6},"end":{"line":64,"column":9}},"21":{"start":{"line":67,"column":4},"end":{"line":70,"column":7}},"22":{"start":{"line":72,"column":4},"end":{"line":74,"column":7}},"23":{"start":{"line":78,"column":0},"end":{"line":78,"column":22}}},"fnMap":{"0":{"name":"(anonymous_8)","decl":{"start":{"line":26,"column":22},"end":{"line":26,"column":29}},"loc":{"start":{"line":26,"column":65},"end":{"line":76,"column":2}}},"1":{"name":"(anonymous_9)","decl":{"start":{"line":26,"column":65},"end":{"line":26,"column":null}},"loc":{"start":{"line":26,"column":65},"end":{"line":76,"column":1}}},"2":{"name":"(anonymous_10)","decl":{"start":{"line":38,"column":34},"end":{"line":38,"column":35}},"loc":{"start":{"line":38,"column":44},"end":{"line":38,"column":64}}},"3":{"name":"(anonymous_11)","decl":{"start":{"line":40,"column":6},"end":{"line":40,"column":7}},"loc":{"start":{"line":40,"column":19},"end":{"line":40,"column":null}}}},"branchMap":{"0":{"loc":{"start":{"line":37,"column":2},"end":{"line":75,"column":3}},"type":"if","locations":[{"start":{"line":37,"column":2},"end":{"line":75,"column":3}},{"start":{"line":71,"column":9},"end":{"line":75,"column":3}}]},"1":{"loc":{"start":{"line":37,"column":6},"end":{"line":37,"column":73}},"type":"binary-expr","locations":[{"start":{"line":37,"column":6},"end":{"line":37,"column":41}},{"start":{"line":37,"column":45},"end":{"line":37,"column":73}}]},"2":{"loc":{"start":{"line":40,"column":19},"end":{"line":40,"column":35}},"type":"cond-expr","locations":[{"start":{"line":40,"column":26},"end":{"line":40,"column":28}},{"start":{"line":40,"column":19},"end":{"line":40,"column":35}}]},"3":{"loc":{"start":{"line":40,"column":19},"end":{"line":40,"column":28}},"type":"binary-expr","locations":[{"start":{"line":40,"column":19},"end":{"line":40,"column":28}},{"start":{"line":40,"column":19},"end":{"line":40,"column":28}}]},"4":{"loc":{"start":{"line":40,"column":40},"end":{"line":40,"column":49}},"type":"cond-expr","locations":[{"start":{"line":40,"column":44},"end":{"line":40,"column":46}},{"start":{"line":40,"column":40},"end":{"line":40,"column":49}}]},"5":{"loc":{"start":{"line":40,"column":40},"end":{"line":40,"column":46}},"type":"binary-expr","locations":[{"start":{"line":40,"column":40},"end":{"line":40,"column":46}},{"start":{"line":40,"column":40},"end":{"line":40,"column":46}}]},"6":{"loc":{"start":{"line":43,"column":4},"end":{"line":48,"column":5}},"type":"if","locations":[{"start":{"line":43,"column":4},"end":{"line":48,"column":5}}]},"7":{"loc":{"start":{"line":43,"column":10},"end":{"line":43,"column":29}},"type":"binary-expr","locations":[{"start":{"line":43,"column":10},"end":{"line":43,"column":14}},{"start":{"line":43,"column":18},"end":{"line":43,"column":29}}]},"8":{"loc":{"start":{"line":53,"column":4},"end":{"line":65,"column":5}},"type":"if","locations":[{"start":{"line":53,"column":4},"end":{"line":65,"column":5}}]}},"s":{"0":1,"1":1,"2":1,"3":1,"4":1,"5":1,"6":3,"7":3,"8":3,"9":3,"10":3,"11":6,"12":3,"13":6,"14":3,"15":1,"16":2,"17":2,"18":2,"19":1,"20":1,"21":1,"22":0,"23":1},"f":{"0":3,"1":3,"2":6,"3":6},"b":{"0":[3,0],"1":[3,3],"2":[0,6],"3":[6,6],"4":[3,3],"5":[6,6],"6":[1],"7":[3,2],"8":[1]}}
,"/Users/froilanmalibiran/Documents/santa-app-axa/src/server/services/api.service.ts": {"path":"/Users/froilanmalibiran/Documents/santa-app-axa/src/server/services/api.service.ts","statementMap":{"0":{"start":{"line":7,"column":14},"end":{"line":8,"column":67}},"1":{"start":{"line":8,"column":2},"end":{"line":8,"column":67}},"2":{"start":{"line":8,"column":2},"end":{"line":8,"column":23}},"3":{"start":{"line":8,"column":52},"end":{"line":8,"column":66}},"4":{"start":{"line":11,"column":2},"end":{"line":11,"column":84}},"5":{"start":{"line":29,"column":24},"end":{"line":29,"column":39}},"6":{"start":{"line":13,"column":2},"end":{"line":13,"column":77}},"7":{"start":{"line":29,"column":41},"end":{"line":29,"column":49}},"8":{"start":{"line":15,"column":22},"end":{"line":27,"column":2}},"9":{"start":{"line":15,"column":36},"end":{"line":27,"column":2}},"10":{"start":{"line":16,"column":2},"end":{"line":26,"column":3}},"11":{"start":{"line":17,"column":21},"end":{"line":17,"column":37}},"12":{"start":{"line":18,"column":4},"end":{"line":22,"column":5}},"13":{"start":{"line":19,"column":6},"end":{"line":19,"column":29}},"14":{"start":{"line":21,"column":6},"end":{"line":21,"column":57}},"15":{"start":{"line":24,"column":4},"end":{"line":24,"column":25}},"16":{"start":{"line":25,"column":4},"end":{"line":25,"column":16}},"17":{"start":{"line":29,"column":9},"end":{"line":29,"column":22}}},"fnMap":{"0":{"name":"(anonymous_13)","decl":{"start":{"line":7,"column":14},"end":{"line":7,"column":15}},"loc":{"start":{"line":8,"column":2},"end":{"line":8,"column":67}}},"1":{"name":"(anonymous_14)","decl":{"start":{"line":8,"column":2},"end":{"line":8,"column":9}},"loc":{"start":{"line":8,"column":2},"end":{"line":8,"column":23}}},"2":{"name":"(anonymous_15)","decl":{"start":{"line":8,"column":28},"end":{"line":8,"column":29}},"loc":{"start":{"line":8,"column":52},"end":{"line":8,"column":66}}},"3":{"name":"(anonymous_16)","decl":{"start":{"line":15,"column":22},"end":{"line":15,"column":29}},"loc":{"start":{"line":15,"column":36},"end":{"line":27,"column":2}}},"4":{"name":"(anonymous_17)","decl":{"start":{"line":15,"column":36},"end":{"line":15,"column":null}},"loc":{"start":{"line":15,"column":36},"end":{"line":27,"column":1}}}},"branchMap":{"0":{"loc":{"start":{"line":18,"column":4},"end":{"line":22,"column":5}},"type":"if","locations":[{"start":{"line":18,"column":4},"end":{"line":22,"column":5}},{"start":{"line":20,"column":11},"end":{"line":22,"column":5}}]}},"s":{"0":1,"1":6,"2":6,"3":6,"4":1,"5":1,"6":1,"7":1,"8":1,"9":6,"10":6,"11":6,"12":6,"13":6,"14":0,"15":0,"16":0,"17":1},"f":{"0":6,"1":6,"2":6,"3":6,"4":6},"b":{"0":[6,0]}}
,"/Users/froilanmalibiran/Documents/santa-app-axa/src/server/services/email.service.ts": {"path":"/Users/froilanmalibiran/Documents/santa-app-axa/src/server/services/email.service.ts","statementMap":{"0":{"start":{"line":9,"column":0},"end":{"line":9,"column":36}},"1":{"start":{"line":12,"column":15},"end":{"line":12,"column":32}},"2":{"start":{"line":13,"column":0},"end":{"line":13,"column":16}},"3":{"start":{"line":15,"column":20},"end":{"line":22,"column":2}},"4":{"start":{"line":24,"column":46},"end":{"line":24,"column":48}},"5":{"start":{"line":26,"column":19},"end":{"line":28,"column":1}},"6":{"start":{"line":27,"column":2},"end":{"line":27,"column":32}},"7":{"start":{"line":59,"column":9},"end":{"line":59,"column":19}},"8":{"start":{"line":30,"column":18},"end":{"line":57,"column":1}},"9":{"start":{"line":31,"column":2},"end":{"line":33,"column":3}},"10":{"start":{"line":32,"column":4},"end":{"line":32,"column":21}},"11":{"start":{"line":35,"column":18},"end":{"line":35,"column":41}},"12":{"start":{"line":36,"column":2},"end":{"line":40,"column":3}},"13":{"start":{"line":37,"column":4},"end":{"line":37,"column":51}},"14":{"start":{"line":38,"column":4},"end":{"line":38,"column":49}},"15":{"start":{"line":39,"column":4},"end":{"line":39,"column":67}},"16":{"start":{"line":42,"column":2},"end":{"line":42,"column":23}},"17":{"start":{"line":44,"column":20},"end":{"line":49,"column":4}},"18":{"start":{"line":51,"column":2},"end":{"line":56,"column":5}},"19":{"start":{"line":52,"column":4},"end":{"line":54,"column":5}},"20":{"start":{"line":53,"column":6},"end":{"line":53,"column":32}},"21":{"start":{"line":55,"column":4},"end":{"line":55,"column":52}},"22":{"start":{"line":59,"column":21},"end":{"line":59,"column":30}}},"fnMap":{"0":{"name":"(anonymous_1)","decl":{"start":{"line":26,"column":19},"end":{"line":26,"column":20}},"loc":{"start":{"line":26,"column":53},"end":{"line":28,"column":1}}},"1":{"name":"(anonymous_2)","decl":{"start":{"line":30,"column":18},"end":{"line":30,"column":21}},"loc":{"start":{"line":30,"column":23},"end":{"line":57,"column":1}}},"2":{"name":"(anonymous_3)","decl":{"start":{"line":51,"column":36},"end":{"line":51,"column":37}},"loc":{"start":{"line":51,"column":52},"end":{"line":56,"column":3}}}},"branchMap":{"0":{"loc":{"start":{"line":31,"column":2},"end":{"line":33,"column":3}},"type":"if","locations":[{"start":{"line":31,"column":2},"end":{"line":33,"column":3}}]},"1":{"loc":{"start":{"line":52,"column":4},"end":{"line":54,"column":5}},"type":"if","locations":[{"start":{"line":52,"column":4},"end":{"line":54,"column":5}}]}},"s":{"0":1,"1":1,"2":1,"3":1,"4":1,"5":1,"6":3,"7":1,"8":1,"9":2,"10":0,"11":2,"12":2,"13":3,"14":2,"15":2,"16":1,"17":1,"18":1,"19":0,"20":0,"21":0,"22":1},"f":{"0":3,"1":2,"2":0},"b":{"0":[0],"1":[0]}}
,"/Users/froilanmalibiran/Documents/santa-app-axa/src/server/utils/helpers.ts": {"path":"/Users/froilanmalibiran/Documents/santa-app-axa/src/server/utils/helpers.ts","statementMap":{"0":{"start":{"line":1,"column":40},"end":{"line":8,"column":1}},"1":{"start":{"line":2,"column":20},"end":{"line":2,"column":40}},"2":{"start":{"line":3,"column":22},"end":{"line":3,"column":32}},"3":{"start":{"line":4,"column":35},"end":{"line":4,"column":78}},"4":{"start":{"line":6,"column":4},"end":{"line":6,"column":61}},"5":{"start":{"line":7,"column":2},"end":{"line":7,"column":32}},"6":{"start":{"line":1,"column":13},"end":{"line":1,"column":40}}},"fnMap":{"0":{"name":"(anonymous_0)","decl":{"start":{"line":1,"column":40},"end":{"line":1,"column":41}},"loc":{"start":{"line":1,"column":55},"end":{"line":8,"column":1}}}},"branchMap":{},"s":{"0":1,"1":4,"2":4,"3":4,"4":4,"5":4,"6":1},"f":{"0":4},"b":{}}
}
