TN:
SF:src/server/routes/santa.route.ts
FN:26,(anonymous_8)
FN:26,(anonymous_9)
FN:38,(anonymous_10)
FN:40,(anonymous_11)
FNF:4
FNH:4
FNDA:3,(anonymous_8)
FNDA:3,(anonymous_9)
FNDA:6,(anonymous_10)
FNDA:6,(anonymous_11)
DA:9,1
DA:16,1
DA:21,1
DA:22,1
DA:24,1
DA:26,3
DA:27,3
DA:29,3
DA:37,3
DA:38,6
DA:39,3
DA:40,6
DA:43,3
DA:44,1
DA:50,2
DA:51,2
DA:53,2
DA:54,1
DA:60,1
DA:67,1
DA:72,0
DA:78,1
LF:22
LH:21
BRDA:37,0,0,3
BRDA:37,0,1,0
BRDA:37,1,0,3
BRDA:37,1,1,3
BRDA:40,2,0,0
BRDA:40,2,1,6
BRDA:40,3,0,6
BRDA:40,3,1,6
BRDA:40,4,0,3
BRDA:40,4,1,3
BRDA:40,5,0,6
BRDA:40,5,1,6
BRDA:43,6,0,1
BRDA:43,7,0,3
BRDA:43,7,1,2
BRDA:53,8,0,1
BRF:16
BRH:14
end_of_record
TN:
SF:src/server/services/api.service.ts
FN:7,(anonymous_13)
FN:8,(anonymous_14)
FN:8,(anonymous_15)
FN:15,(anonymous_16)
FN:15,(anonymous_17)
FNF:5
FNH:5
FNDA:6,(anonymous_13)
FNDA:6,(anonymous_14)
FNDA:6,(anonymous_15)
FNDA:6,(anonymous_16)
FNDA:6,(anonymous_17)
DA:7,1
DA:8,6
DA:11,1
DA:13,1
DA:15,6
DA:16,6
DA:17,6
DA:18,6
DA:19,6
DA:21,0
DA:24,0
DA:25,0
DA:29,1
LF:13
LH:10
BRDA:18,0,0,6
BRDA:18,0,1,0
BRF:2
BRH:1
end_of_record
TN:
SF:src/server/services/email.service.ts
FN:26,(anonymous_1)
FN:30,(anonymous_2)
FN:51,(anonymous_3)
FNF:3
FNH:2
FNDA:3,(anonymous_1)
FNDA:2,(anonymous_2)
FNDA:0,(anonymous_3)
DA:9,1
DA:12,1
DA:13,1
DA:15,1
DA:24,1
DA:26,1
DA:27,3
DA:30,1
DA:31,2
DA:32,0
DA:35,2
DA:36,2
DA:37,3
DA:38,2
DA:39,2
DA:42,1
DA:44,1
DA:51,1
DA:52,0
DA:53,0
DA:55,0
DA:59,1
LF:22
LH:18
BRDA:31,0,0,0
BRDA:52,1,0,0
BRF:2
BRH:0
end_of_record
TN:
SF:src/server/utils/helpers.ts
FN:1,(anonymous_0)
FNF:1
FNH:1
FNDA:4,(anonymous_0)
DA:1,1
DA:2,4
DA:3,4
DA:4,4
DA:6,4
DA:7,4
LF:6
LH:6
BRF:0
BRH:0
end_of_record
